2023-01-16 19:26:47 info: =================================
2023-01-16 19:26:47 info: ======= ENV: development =======
2023-01-16 19:26:47 info: 🚀 App listening on the port 3000
2023-01-16 19:26:47 info: =================================
2023-01-16 19:28:56 info: =================================
2023-01-16 19:28:56 info: ======= ENV: development =======
2023-01-16 19:28:56 info: 🚀 App listening on the port 3000
2023-01-16 19:28:56 info: =================================
2023-01-16 19:28:56 info: 2ms Executed (default): SELECT 1+1 AS result
2023-01-16 19:28:56 info: 5ms Executed (default): SELECT TABLE_NAME FROM INFORMATION_SCHEMA.TABLES WHERE TABLE_TYPE = 'BASE TABLE' AND TABLE_NAME = 'users' AND TABLE_SCHEMA = 'sgri_db'
2023-01-16 19:28:56 info: 7ms Executed (default): SHOW INDEX FROM `users`
2023-01-16 19:32:10 info: =================================
2023-01-16 19:32:10 info: ======= ENV: development =======
2023-01-16 19:32:10 info: 🚀 App listening on the port 3000
2023-01-16 19:32:10 info: =================================
2023-01-16 19:32:10 info: 5ms Executed (default): SELECT 1+1 AS result
2023-01-16 19:32:10 info: 10ms Executed (default): SELECT TABLE_NAME FROM INFORMATION_SCHEMA.TABLES WHERE TABLE_TYPE = 'BASE TABLE' AND TABLE_NAME = 'users' AND TABLE_SCHEMA = 'sgri_db'
2023-01-16 19:32:10 info: 10ms Executed (default): SHOW INDEX FROM `users`
2023-01-16 19:32:15 info: =================================
2023-01-16 19:32:15 info: ======= ENV: development =======
2023-01-16 19:32:15 info: 🚀 App listening on the port 3000
2023-01-16 19:32:15 info: =================================
2023-01-16 19:32:15 info: 2ms Executed (default): SELECT 1+1 AS result
2023-01-16 19:32:15 info: 4ms Executed (default): SELECT TABLE_NAME FROM INFORMATION_SCHEMA.TABLES WHERE TABLE_TYPE = 'BASE TABLE' AND TABLE_NAME = 'users' AND TABLE_SCHEMA = 'sgri_db'
2023-01-16 19:32:15 info: 5ms Executed (default): SHOW INDEX FROM `users`
2023-01-16 19:32:24 info: =================================
2023-01-16 19:32:24 info: ======= ENV: development =======
2023-01-16 19:32:24 info: 🚀 App listening on the port 3000
2023-01-16 19:32:24 info: =================================
2023-01-16 19:32:25 info: 2ms Executed (default): SELECT 1+1 AS result
2023-01-16 19:32:25 info: 8ms Executed (default): SELECT TABLE_NAME FROM INFORMATION_SCHEMA.TABLES WHERE TABLE_TYPE = 'BASE TABLE' AND TABLE_NAME = 'users' AND TABLE_SCHEMA = 'sgri_db'
2023-01-16 19:32:25 info: 4ms Executed (default): SHOW INDEX FROM `users`
2023-01-16 19:33:35 info: =================================
2023-01-16 19:33:35 info: ======= ENV: development =======
2023-01-16 19:33:35 info: 🚀 App listening on the port 3000
2023-01-16 19:33:35 info: =================================
2023-01-16 19:33:35 info: 3ms Executed (default): SELECT 1+1 AS result
2023-01-16 19:33:35 info: 5ms Executed (default): SELECT TABLE_NAME FROM INFORMATION_SCHEMA.TABLES WHERE TABLE_TYPE = 'BASE TABLE' AND TABLE_NAME = 'users' AND TABLE_SCHEMA = 'sgri_db'
2023-01-16 19:33:35 info: 5ms Executed (default): SHOW INDEX FROM `users`
2023-01-16 19:33:56 info: =================================
2023-01-16 19:33:56 info: ======= ENV: development =======
2023-01-16 19:33:56 info: 🚀 App listening on the port 3000
2023-01-16 19:33:56 info: =================================
2023-01-16 19:33:56 info: 5ms Executed (default): SELECT 1+1 AS result
2023-01-16 19:33:56 info: 10ms Executed (default): SELECT TABLE_NAME FROM INFORMATION_SCHEMA.TABLES WHERE TABLE_TYPE = 'BASE TABLE' AND TABLE_NAME = 'users' AND TABLE_SCHEMA = 'sgri_db'
2023-01-16 19:33:56 info: 11ms Executed (default): SHOW INDEX FROM `users`
2023-01-16 19:34:00 info: =================================
2023-01-16 19:34:00 info: ======= ENV: development =======
2023-01-16 19:34:00 info: 🚀 App listening on the port 3000
2023-01-16 19:34:00 info: =================================
2023-01-16 19:34:00 info: 2ms Executed (default): SELECT 1+1 AS result
2023-01-16 19:34:00 info: 3ms Executed (default): SELECT TABLE_NAME FROM INFORMATION_SCHEMA.TABLES WHERE TABLE_TYPE = 'BASE TABLE' AND TABLE_NAME = 'users' AND TABLE_SCHEMA = 'sgri_db'
2023-01-16 19:34:00 info: 4ms Executed (default): SHOW INDEX FROM `users`
2023-01-16 19:34:09 info: =================================
2023-01-16 19:34:09 info: ======= ENV: development =======
2023-01-16 19:34:09 info: 🚀 App listening on the port 3000
2023-01-16 19:34:09 info: =================================
2023-01-16 19:34:09 info: 2ms Executed (default): SELECT 1+1 AS result
2023-01-16 19:34:09 info: 3ms Executed (default): SELECT TABLE_NAME FROM INFORMATION_SCHEMA.TABLES WHERE TABLE_TYPE = 'BASE TABLE' AND TABLE_NAME = 'users' AND TABLE_SCHEMA = 'sgri_db'
2023-01-16 19:34:09 info: 6ms Executed (default): SHOW INDEX FROM `users`
2023-01-16 19:34:21 info: =================================
2023-01-16 19:34:21 info: ======= ENV: development =======
2023-01-16 19:34:21 info: 🚀 App listening on the port 3000
2023-01-16 19:34:21 info: =================================
2023-01-16 19:34:21 info: 2ms Executed (default): SELECT 1+1 AS result
2023-01-16 19:34:21 info: 3ms Executed (default): SELECT TABLE_NAME FROM INFORMATION_SCHEMA.TABLES WHERE TABLE_TYPE = 'BASE TABLE' AND TABLE_NAME = 'users' AND TABLE_SCHEMA = 'sgri_db'
2023-01-16 19:34:21 info: 4ms Executed (default): SHOW INDEX FROM `users`
2023-01-16 19:34:25 info: =================================
2023-01-16 19:34:25 info: ======= ENV: development =======
2023-01-16 19:34:25 info: 🚀 App listening on the port 3000
2023-01-16 19:34:25 info: =================================
2023-01-16 19:34:25 info: 2ms Executed (default): SELECT 1+1 AS result
2023-01-16 19:34:25 info: 4ms Executed (default): SELECT TABLE_NAME FROM INFORMATION_SCHEMA.TABLES WHERE TABLE_TYPE = 'BASE TABLE' AND TABLE_NAME = 'users' AND TABLE_SCHEMA = 'sgri_db'
2023-01-16 19:34:25 info: 4ms Executed (default): SHOW INDEX FROM `users`
2023-01-16 19:34:44 info: =================================
2023-01-16 19:34:44 info: ======= ENV: development =======
2023-01-16 19:34:44 info: 🚀 App listening on the port 3000
2023-01-16 19:34:44 info: =================================
2023-01-16 19:34:44 info: 5ms Executed (default): SELECT 1+1 AS result
2023-01-16 19:34:44 info: 7ms Executed (default): SELECT TABLE_NAME FROM INFORMATION_SCHEMA.TABLES WHERE TABLE_TYPE = 'BASE TABLE' AND TABLE_NAME = 'users' AND TABLE_SCHEMA = 'sgri_db'
2023-01-16 19:34:44 info: 4ms Executed (default): SHOW INDEX FROM `users`
2023-01-16 19:34:54 info: =================================
2023-01-16 19:34:54 info: ======= ENV: development =======
2023-01-16 19:34:54 info: 🚀 App listening on the port 3000
2023-01-16 19:34:54 info: =================================
2023-01-16 19:34:55 info: 2ms Executed (default): SELECT 1+1 AS result
2023-01-16 19:34:55 info: 4ms Executed (default): SELECT TABLE_NAME FROM INFORMATION_SCHEMA.TABLES WHERE TABLE_TYPE = 'BASE TABLE' AND TABLE_NAME = 'users' AND TABLE_SCHEMA = 'sgri_db'
2023-01-16 19:34:55 info: 5ms Executed (default): SHOW INDEX FROM `users`
2023-01-16 19:36:39 info: =================================
2023-01-16 19:36:39 info: ======= ENV: development =======
2023-01-16 19:36:39 info: 🚀 App listening on the port 3000
2023-01-16 19:36:39 info: =================================
2023-01-16 19:36:39 info: 3ms Executed (default): SELECT 1+1 AS result
2023-01-16 19:36:39 info: 4ms Executed (default): SELECT TABLE_NAME FROM INFORMATION_SCHEMA.TABLES WHERE TABLE_TYPE = 'BASE TABLE' AND TABLE_NAME = 'users' AND TABLE_SCHEMA = 'sgri_db'
2023-01-16 19:36:39 info: 4ms Executed (default): SHOW INDEX FROM `users`
2023-01-16 19:36:45 info: =================================
2023-01-16 19:36:45 info: ======= ENV: development =======
2023-01-16 19:36:45 info: 🚀 App listening on the port 3000
2023-01-16 19:36:45 info: =================================
2023-01-16 19:36:45 info: 2ms Executed (default): SELECT 1+1 AS result
2023-01-16 19:36:45 info: 3ms Executed (default): SELECT TABLE_NAME FROM INFORMATION_SCHEMA.TABLES WHERE TABLE_TYPE = 'BASE TABLE' AND TABLE_NAME = 'users' AND TABLE_SCHEMA = 'sgri_db'
2023-01-16 19:36:45 info: 3ms Executed (default): SHOW INDEX FROM `users`
2023-01-16 19:37:04 info: =================================
2023-01-16 19:37:04 info: ======= ENV: development =======
2023-01-16 19:37:04 info: 🚀 App listening on the port 3000
2023-01-16 19:37:04 info: =================================
2023-01-16 19:37:05 info: 5ms Executed (default): SELECT 1+1 AS result
2023-01-16 19:37:05 info: 7ms Executed (default): SELECT TABLE_NAME FROM INFORMATION_SCHEMA.TABLES WHERE TABLE_TYPE = 'BASE TABLE' AND TABLE_NAME = 'users' AND TABLE_SCHEMA = 'sgri_db'
2023-01-16 19:37:05 info: 8ms Executed (default): SHOW INDEX FROM `users`
2023-01-16 19:37:11 info: =================================
2023-01-16 19:37:11 info: ======= ENV: development =======
2023-01-16 19:37:11 info: 🚀 App listening on the port 3000
2023-01-16 19:37:11 info: =================================
2023-01-16 19:37:11 info: 2ms Executed (default): SELECT 1+1 AS result
2023-01-16 19:37:11 info: 5ms Executed (default): SELECT TABLE_NAME FROM INFORMATION_SCHEMA.TABLES WHERE TABLE_TYPE = 'BASE TABLE' AND TABLE_NAME = 'users' AND TABLE_SCHEMA = 'sgri_db'
2023-01-16 19:37:11 info: 6ms Executed (default): SHOW INDEX FROM `users`
2023-01-16 19:37:27 info: =================================
2023-01-16 19:37:27 info: ======= ENV: development =======
2023-01-16 19:37:27 info: 🚀 App listening on the port 3000
2023-01-16 19:37:27 info: =================================
2023-01-16 19:37:43 info: =================================
2023-01-16 19:37:43 info: ======= ENV: development =======
2023-01-16 19:37:43 info: 🚀 App listening on the port 3000
2023-01-16 19:37:43 info: =================================
2023-01-16 19:37:43 info: 3ms Executed (default): SELECT 1+1 AS result
2023-01-16 19:37:43 info: 6ms Executed (default): SELECT TABLE_NAME FROM INFORMATION_SCHEMA.TABLES WHERE TABLE_TYPE = 'BASE TABLE' AND TABLE_NAME = 'users' AND TABLE_SCHEMA = 'sgri_db'
2023-01-16 19:37:43 info: 5ms Executed (default): SHOW INDEX FROM `users`
2023-01-16 19:38:15 info: =================================
2023-01-16 19:38:15 info: ======= ENV: development =======
2023-01-16 19:38:15 info: 🚀 App listening on the port 3000
2023-01-16 19:38:15 info: =================================
2023-01-16 19:38:15 info: 3ms Executed (default): SELECT 1+1 AS result
2023-01-16 19:38:15 info: 5ms Executed (default): SELECT TABLE_NAME FROM INFORMATION_SCHEMA.TABLES WHERE TABLE_TYPE = 'BASE TABLE' AND TABLE_NAME = 'users' AND TABLE_SCHEMA = 'sgri_db'
2023-01-16 19:38:15 info: 6ms Executed (default): SHOW INDEX FROM `users`
2023-01-16 19:39:01 info: =================================
2023-01-16 19:39:01 info: ======= ENV: development =======
2023-01-16 19:39:01 info: 🚀 App listening on the port 3000
2023-01-16 19:39:01 info: =================================
2023-01-16 19:39:01 info: 2ms Executed (default): SELECT 1+1 AS result
2023-01-16 19:39:01 info: 3ms Executed (default): SELECT TABLE_NAME FROM INFORMATION_SCHEMA.TABLES WHERE TABLE_TYPE = 'BASE TABLE' AND TABLE_NAME = 'users' AND TABLE_SCHEMA = 'sgri_db'
2023-01-16 19:39:01 info: 7ms Executed (default): SHOW INDEX FROM `users`
2023-01-16 19:39:09 info: =================================
2023-01-16 19:39:09 info: ======= ENV: development =======
2023-01-16 19:39:09 info: 🚀 App listening on the port 3000
2023-01-16 19:39:09 info: =================================
2023-01-16 19:39:09 info: 3ms Executed (default): SELECT 1+1 AS result
2023-01-16 19:39:09 info: 5ms Executed (default): SELECT TABLE_NAME FROM INFORMATION_SCHEMA.TABLES WHERE TABLE_TYPE = 'BASE TABLE' AND TABLE_NAME = 'users' AND TABLE_SCHEMA = 'sgri_db'
2023-01-16 19:39:09 info: 8ms Executed (default): SHOW INDEX FROM `users`
2023-01-16 19:39:12 info: =================================
2023-01-16 19:39:12 info: ======= ENV: development =======
2023-01-16 19:39:12 info: 🚀 App listening on the port 3000
2023-01-16 19:39:12 info: =================================
2023-01-16 19:39:12 info: 2ms Executed (default): SELECT 1+1 AS result
2023-01-16 19:39:12 info: 4ms Executed (default): SELECT TABLE_NAME FROM INFORMATION_SCHEMA.TABLES WHERE TABLE_TYPE = 'BASE TABLE' AND TABLE_NAME = 'users' AND TABLE_SCHEMA = 'sgri_db'
2023-01-16 19:39:12 info: 5ms Executed (default): SHOW INDEX FROM `users`
2023-01-16 19:39:34 info: =================================
2023-01-16 19:39:34 info: ======= ENV: development =======
2023-01-16 19:39:34 info: 🚀 App listening on the port 3000
2023-01-16 19:39:34 info: =================================
2023-01-16 19:39:34 info: 5ms Executed (default): SELECT 1+1 AS result
2023-01-16 19:39:34 info: 6ms Executed (default): SELECT TABLE_NAME FROM INFORMATION_SCHEMA.TABLES WHERE TABLE_TYPE = 'BASE TABLE' AND TABLE_NAME = 'users' AND TABLE_SCHEMA = 'sgri_db'
2023-01-16 19:39:34 info: 5ms Executed (default): SHOW INDEX FROM `users`
2023-01-16 19:39:56 info: =================================
2023-01-16 19:39:56 info: ======= ENV: development =======
2023-01-16 19:39:56 info: 🚀 App listening on the port 3000
2023-01-16 19:39:56 info: =================================
2023-01-16 19:39:56 info: 2ms Executed (default): SELECT 1+1 AS result
2023-01-16 19:39:56 info: 3ms Executed (default): SELECT TABLE_NAME FROM INFORMATION_SCHEMA.TABLES WHERE TABLE_TYPE = 'BASE TABLE' AND TABLE_NAME = 'users' AND TABLE_SCHEMA = 'sgri_db'
2023-01-16 19:39:56 info: 6ms Executed (default): SHOW INDEX FROM `users`
2023-01-16 19:40:18 info: =================================
2023-01-16 19:40:18 info: ======= ENV: development =======
2023-01-16 19:40:18 info: 🚀 App listening on the port 3000
2023-01-16 19:40:18 info: =================================
2023-01-16 19:40:18 info: 5ms Executed (default): SELECT 1+1 AS result
2023-01-16 19:40:18 info: 8ms Executed (default): SELECT TABLE_NAME FROM INFORMATION_SCHEMA.TABLES WHERE TABLE_TYPE = 'BASE TABLE' AND TABLE_NAME = 'users' AND TABLE_SCHEMA = 'sgri_db'
2023-01-16 19:40:18 info: 4ms Executed (default): SHOW INDEX FROM `users`
2023-01-16 19:40:51 info: =================================
2023-01-16 19:40:51 info: ======= ENV: development =======
2023-01-16 19:40:51 info: 🚀 App listening on the port 3000
2023-01-16 19:40:51 info: =================================
2023-01-16 19:40:51 info: 2ms Executed (default): SELECT 1+1 AS result
2023-01-16 19:40:51 info: 5ms Executed (default): SELECT TABLE_NAME FROM INFORMATION_SCHEMA.TABLES WHERE TABLE_TYPE = 'BASE TABLE' AND TABLE_NAME = 'users' AND TABLE_SCHEMA = 'sgri_db'
2023-01-16 19:40:51 info: 4ms Executed (default): SHOW INDEX FROM `users`
2023-01-16 19:42:53 info: =================================
2023-01-16 19:42:53 info: ======= ENV: development =======
2023-01-16 19:42:53 info: 🚀 App listening on the port 3000
2023-01-16 19:42:53 info: =================================
2023-01-16 19:42:58 info: =================================
2023-01-16 19:42:58 info: ======= ENV: development =======
2023-01-16 19:42:58 info: 🚀 App listening on the port 3000
2023-01-16 19:42:58 info: =================================
2023-01-16 19:42:58 info: 3ms Executed (default): SELECT 1+1 AS result
2023-01-16 19:42:58 info: 4ms Executed (default): SELECT TABLE_NAME FROM INFORMATION_SCHEMA.TABLES WHERE TABLE_TYPE = 'BASE TABLE' AND TABLE_NAME = 'users' AND TABLE_SCHEMA = 'sgri_db'
2023-01-16 19:42:58 info: 6ms Executed (default): SHOW INDEX FROM `users`
2023-01-16 19:43:15 info: 2ms Executed (default): SELECT 1+1 AS result
2023-01-16 19:43:19 info: 1ms Executed (default): SELECT 1+1 AS result
2023-01-16 19:43:34 info: 2ms Executed (default): SELECT 1+1 AS result
2023-01-16 19:43:38 info: 2ms Executed (default): SELECT 1+1 AS result
2023-01-16 19:43:48 info: =================================
2023-01-16 19:43:48 info: ======= ENV: development =======
2023-01-16 19:43:48 info: 🚀 App listening on the port 3000
2023-01-16 19:43:48 info: =================================
2023-01-16 19:43:48 info: 3ms Executed (default): SELECT 1+1 AS result
2023-01-16 19:43:48 info: 6ms Executed (default): SELECT TABLE_NAME FROM INFORMATION_SCHEMA.TABLES WHERE TABLE_TYPE = 'BASE TABLE' AND TABLE_NAME = 'users' AND TABLE_SCHEMA = 'sgri_db'
2023-01-16 19:43:48 info: 12ms Executed (default): SHOW INDEX FROM `users`
2023-01-16 19:43:52 info: =================================
2023-01-16 19:43:52 info: ======= ENV: development =======
2023-01-16 19:43:52 info: 🚀 App listening on the port 3000
2023-01-16 19:43:52 info: =================================
2023-01-16 19:43:52 info: 3ms Executed (default): SELECT 1+1 AS result
2023-01-16 19:43:52 info: 4ms Executed (default): SELECT TABLE_NAME FROM INFORMATION_SCHEMA.TABLES WHERE TABLE_TYPE = 'BASE TABLE' AND TABLE_NAME = 'users' AND TABLE_SCHEMA = 'sgri_db'
2023-01-16 19:43:52 info: 5ms Executed (default): SHOW INDEX FROM `users`
2023-01-16 19:43:57 info: =================================
2023-01-16 19:43:57 info: ======= ENV: development =======
2023-01-16 19:43:57 info: 🚀 App listening on the port 3000
2023-01-16 19:43:57 info: =================================
2023-01-16 19:43:57 info: 6ms Executed (default): SELECT 1+1 AS result
2023-01-16 19:43:57 info: 9ms Executed (default): SELECT TABLE_NAME FROM INFORMATION_SCHEMA.TABLES WHERE TABLE_TYPE = 'BASE TABLE' AND TABLE_NAME = 'users' AND TABLE_SCHEMA = 'sgri_db'
2023-01-16 19:43:57 info: 14ms Executed (default): SHOW INDEX FROM `users`
2023-01-16 19:44:04 info: =================================
2023-01-16 19:44:04 info: ======= ENV: development =======
2023-01-16 19:44:04 info: 🚀 App listening on the port 3000
2023-01-16 19:44:04 info: =================================
2023-01-16 19:44:04 info: 2ms Executed (default): SELECT 1+1 AS result
2023-01-16 19:44:04 info: 4ms Executed (default): SELECT TABLE_NAME FROM INFORMATION_SCHEMA.TABLES WHERE TABLE_TYPE = 'BASE TABLE' AND TABLE_NAME = 'users' AND TABLE_SCHEMA = 'sgri_db'
2023-01-16 19:44:04 info: 6ms Executed (default): SHOW INDEX FROM `users`
2023-01-16 19:44:14 info: =================================
2023-01-16 19:44:14 info: ======= ENV: development =======
2023-01-16 19:44:14 info: 🚀 App listening on the port 3000
2023-01-16 19:44:14 info: =================================
2023-01-16 19:44:15 info: 4ms Executed (default): SELECT 1+1 AS result
2023-01-16 19:44:15 info: 5ms Executed (default): SELECT TABLE_NAME FROM INFORMATION_SCHEMA.TABLES WHERE TABLE_TYPE = 'BASE TABLE' AND TABLE_NAME = 'users' AND TABLE_SCHEMA = 'sgri_db'
2023-01-16 19:44:15 info: 4ms Executed (default): SHOW INDEX FROM `users`
2023-01-16 19:44:26 info: =================================
2023-01-16 19:44:26 info: ======= ENV: development =======
2023-01-16 19:44:26 info: 🚀 App listening on the port 3000
2023-01-16 19:44:26 info: =================================
2023-01-16 19:44:26 info: 2ms Executed (default): SELECT 1+1 AS result
2023-01-16 19:44:26 info: 4ms Executed (default): SELECT TABLE_NAME FROM INFORMATION_SCHEMA.TABLES WHERE TABLE_TYPE = 'BASE TABLE' AND TABLE_NAME = 'users' AND TABLE_SCHEMA = 'sgri_db'
2023-01-16 19:44:26 info: 5ms Executed (default): SHOW INDEX FROM `users`
2023-01-16 19:44:30 info: =================================
2023-01-16 19:44:30 info: ======= ENV: development =======
2023-01-16 19:44:30 info: 🚀 App listening on the port 3000
2023-01-16 19:44:30 info: =================================
2023-01-16 19:44:30 info: 4ms Executed (default): SELECT 1+1 AS result
2023-01-16 19:44:30 info: 7ms Executed (default): SELECT TABLE_NAME FROM INFORMATION_SCHEMA.TABLES WHERE TABLE_TYPE = 'BASE TABLE' AND TABLE_NAME = 'users' AND TABLE_SCHEMA = 'sgri_db'
2023-01-16 19:44:30 info: 5ms Executed (default): SHOW INDEX FROM `users`
2023-01-16 19:44:40 info: =================================
2023-01-16 19:44:40 info: ======= ENV: development =======
2023-01-16 19:44:40 info: 🚀 App listening on the port 3000
2023-01-16 19:44:40 info: =================================
2023-01-16 19:44:40 info: 3ms Executed (default): SELECT 1+1 AS result
2023-01-16 19:44:40 info: 6ms Executed (default): SELECT TABLE_NAME FROM INFORMATION_SCHEMA.TABLES WHERE TABLE_TYPE = 'BASE TABLE' AND TABLE_NAME = 'users' AND TABLE_SCHEMA = 'sgri_db'
2023-01-16 19:44:40 info: 10ms Executed (default): SHOW INDEX FROM `users`
2023-01-16 19:45:11 info: =================================
2023-01-16 19:45:11 info: ======= ENV: development =======
2023-01-16 19:45:11 info: 🚀 App listening on the port 3000
2023-01-16 19:45:11 info: =================================
2023-01-16 19:45:11 info: 2ms Executed (default): SELECT 1+1 AS result
2023-01-16 19:45:11 info: 4ms Executed (default): SELECT TABLE_NAME FROM INFORMATION_SCHEMA.TABLES WHERE TABLE_TYPE = 'BASE TABLE' AND TABLE_NAME = 'users' AND TABLE_SCHEMA = 'sgri_db'
2023-01-16 19:45:11 info: 4ms Executed (default): SHOW INDEX FROM `users`
2023-01-16 19:47:46 info: [0mPOST /user [33m404[0m 8.794 ms - 144[0m
2023-01-16 19:47:59 error: [POST] /users >> StatusCode:: 400, Message:: mailUser must be an email, passwordUser must be a string, name must be a string, dni must be a number conforming to the specified constraints, phone must be a number conforming to the specified constraints, type must be a number conforming to the specified constraints
2023-01-16 19:47:59 info: [0mPOST /users [33m400[0m 14.248 ms - 282[0m
2023-01-16 19:51:42 error: [POST] /users >> StatusCode:: 400, Message:: property nameUser should not exist, property dniUser should not exist, property phoneUser should not exist, property typeUser should not exist, name must be a string, dni must be a number conforming to the specified constraints, phone must be a number conforming to the specified constraints, type must be a number conforming to the specified constraints
2023-01-16 19:51:42 info: [0mPOST /users [33m400[0m 54.693 ms - 368[0m
2023-01-16 19:52:25 info: =================================
2023-01-16 19:52:25 info: ======= ENV: development =======
2023-01-16 19:52:25 info: 🚀 App listening on the port 3000
2023-01-16 19:52:25 info: =================================
2023-01-16 19:52:25 info: 3ms Executed (default): SELECT 1+1 AS result
2023-01-16 19:52:25 info: 7ms Executed (default): SELECT TABLE_NAME FROM INFORMATION_SCHEMA.TABLES WHERE TABLE_TYPE = 'BASE TABLE' AND TABLE_NAME = 'users' AND TABLE_SCHEMA = 'sgri_db'
2023-01-16 19:52:25 info: 5ms Executed (default): SHOW INDEX FROM `users`
2023-01-16 19:52:32 info: 62ms Executed (default): SELECT `iduser`, `mail_user` AS `mailUser`, `password_user` AS `passwordUser`, `dni_user` AS `dniUser`, `phone_user` AS `phoneUser`, `number_user` AS `numberUser`, `type_user` AS `typeUser`, `name_user` AS `nameUser`, `created_at` AS `createdAt`, `updated_at` AS `updatedAt` FROM `users` AS `UserModel` WHERE `UserModel`.`mail_user` = 'diego.corredor.98@gmail.com' LIMIT 1;
2023-01-16 19:52:32 error: [POST] /users >> StatusCode:: 500, Message:: Unknown column 'number_user' in 'field list'
2023-01-16 19:52:32 info: [0mPOST /users [31m500[0m 106.430 ms - 58[0m
2023-01-16 19:53:36 info: =================================
2023-01-16 19:53:36 info: ======= ENV: development =======
2023-01-16 19:53:36 info: 🚀 App listening on the port 3000
2023-01-16 19:53:36 info: =================================
2023-01-16 19:53:37 info: 2ms Executed (default): SELECT 1+1 AS result
2023-01-16 19:53:37 info: 3ms Executed (default): SELECT TABLE_NAME FROM INFORMATION_SCHEMA.TABLES WHERE TABLE_TYPE = 'BASE TABLE' AND TABLE_NAME = 'users' AND TABLE_SCHEMA = 'sgri_db'
2023-01-16 19:53:37 info: 4ms Executed (default): SHOW INDEX FROM `users`
2023-01-16 19:53:42 info: =================================
2023-01-16 19:53:42 info: ======= ENV: development =======
2023-01-16 19:53:42 info: 🚀 App listening on the port 3000
2023-01-16 19:53:42 info: =================================
2023-01-16 19:53:42 info: 2ms Executed (default): SELECT 1+1 AS result
2023-01-16 19:53:42 info: 3ms Executed (default): SELECT TABLE_NAME FROM INFORMATION_SCHEMA.TABLES WHERE TABLE_TYPE = 'BASE TABLE' AND TABLE_NAME = 'users' AND TABLE_SCHEMA = 'sgri_db'
2023-01-16 19:53:42 info: 4ms Executed (default): SHOW INDEX FROM `users`
2023-01-16 19:54:14 info: =================================
2023-01-16 19:54:14 info: ======= ENV: development =======
2023-01-16 19:54:14 info: 🚀 App listening on the port 3000
2023-01-16 19:54:14 info: =================================
2023-01-16 19:54:14 info: 2ms Executed (default): SELECT 1+1 AS result
2023-01-16 19:54:14 info: 5ms Executed (default): SELECT TABLE_NAME FROM INFORMATION_SCHEMA.TABLES WHERE TABLE_TYPE = 'BASE TABLE' AND TABLE_NAME = 'users' AND TABLE_SCHEMA = 'sgri_db'
2023-01-16 19:54:14 info: 4ms Executed (default): SHOW INDEX FROM `users`
2023-01-16 19:54:42 info: =================================
2023-01-16 19:54:42 info: ======= ENV: development =======
2023-01-16 19:54:42 info: 🚀 App listening on the port 3000
2023-01-16 19:54:42 info: =================================
2023-01-16 19:54:42 info: 2ms Executed (default): SELECT 1+1 AS result
2023-01-16 19:54:42 info: 4ms Executed (default): SELECT TABLE_NAME FROM INFORMATION_SCHEMA.TABLES WHERE TABLE_TYPE = 'BASE TABLE' AND TABLE_NAME = 'users' AND TABLE_SCHEMA = 'sgri_db'
2023-01-16 19:54:42 info: 7ms Executed (default): SHOW INDEX FROM `users`
2023-01-16 19:54:45 info: 48ms Executed (default): SELECT `iduser`, `mail_user` AS `mailUser`, `password_user` AS `passwordUser`, `dni_user` AS `dniUser`, `phone_user` AS `phoneUser`, `type_user` AS `typeUser`, `name_user` AS `nameUser`, `created_at` AS `createdAt`, `updated_at` AS `updatedAt` FROM `users` AS `UserModel` WHERE `UserModel`.`mail_user` = 'diego.corredor.98@gmail.com' LIMIT 1;
2023-01-16 19:54:45 error: [POST] /users >> StatusCode:: 500, Message:: Unknown column 'created_at' in 'field list'
2023-01-16 19:54:45 info: [0mPOST /users [31m500[0m 88.038 ms - 57[0m
2023-01-16 19:55:02 info: =================================
2023-01-16 19:55:02 info: ======= ENV: development =======
2023-01-16 19:55:02 info: 🚀 App listening on the port 3000
2023-01-16 19:55:02 info: =================================
2023-01-16 19:55:03 info: 5ms Executed (default): SELECT 1+1 AS result
2023-01-16 19:55:03 info: 8ms Executed (default): SELECT TABLE_NAME FROM INFORMATION_SCHEMA.TABLES WHERE TABLE_TYPE = 'BASE TABLE' AND TABLE_NAME = 'users' AND TABLE_SCHEMA = 'sgri_db'
2023-01-16 19:55:03 info: 5ms Executed (default): SHOW INDEX FROM `users`
2023-01-16 19:55:29 info: =================================
2023-01-16 19:55:29 info: ======= ENV: development =======
2023-01-16 19:55:29 info: 🚀 App listening on the port 3000
2023-01-16 19:55:29 info: =================================
2023-01-16 19:55:29 info: 10ms Executed (default): SELECT 1+1 AS result
2023-01-16 19:55:29 info: 12ms Executed (default): SELECT TABLE_NAME FROM INFORMATION_SCHEMA.TABLES WHERE TABLE_TYPE = 'BASE TABLE' AND TABLE_NAME = 'users' AND TABLE_SCHEMA = 'sgri_db'
2023-01-16 19:55:29 info: 5ms Executed (default): SHOW INDEX FROM `users`
2023-01-16 19:55:48 info: =================================
2023-01-16 19:55:48 info: ======= ENV: development =======
2023-01-16 19:55:48 info: 🚀 App listening on the port 3000
2023-01-16 19:55:48 info: =================================
2023-01-16 19:55:48 info: 6ms Executed (default): SELECT 1+1 AS result
2023-01-16 19:55:48 info: 8ms Executed (default): SELECT TABLE_NAME FROM INFORMATION_SCHEMA.TABLES WHERE TABLE_TYPE = 'BASE TABLE' AND TABLE_NAME = 'users' AND TABLE_SCHEMA = 'sgri_db'
2023-01-16 19:55:48 info: 4ms Executed (default): SHOW INDEX FROM `users`
2023-01-16 19:55:52 info: 2ms Executed (default): SELECT `iduser`, `mail_user` AS `mailUser`, `password_user` AS `passwordUser`, `dni_user` AS `dniUser`, `phone_user` AS `phoneUser`, `type_user` AS `typeUser`, `name_user` AS `nameUser` FROM `users` AS `UserModel` WHERE `UserModel`.`mail_user` = 'diego.corredor.98@gmail.com' LIMIT 1;
2023-01-16 19:55:52 info: 122ms Executed (default): INSERT INTO `users` (`iduser`,`mail_user`,`password_user`,`dni_user`,`phone_user`,`type_user`,`name_user`) VALUES (DEFAULT,?,?,?,?,?,?); "diego.corredor.98@gmail.com", "$2b$10$L4GafN/dL41OxkHUmHY0RezCjlw.hoJAiUNQZ.01FlpW4QPAsKbvq", 1052414564, 3229010668, 1, "Diego Corredor"
2023-01-16 19:55:52 error: [POST] /users >> StatusCode:: 500, Message:: Data too long for column 'password_user' at row 1
2023-01-16 19:55:52 info: [0mPOST /users [31m500[0m 265.583 ms - 63[0m
2023-01-16 19:56:41 info: 1ms Executed (default): SELECT `iduser`, `mail_user` AS `mailUser`, `password_user` AS `passwordUser`, `dni_user` AS `dniUser`, `phone_user` AS `phoneUser`, `type_user` AS `typeUser`, `name_user` AS `nameUser` FROM `users` AS `UserModel` WHERE `UserModel`.`mail_user` = 'diego.corredor.98@gmail.com' LIMIT 1;
2023-01-16 19:56:41 info: 89ms Executed (default): INSERT INTO `users` (`iduser`,`mail_user`,`password_user`,`dni_user`,`phone_user`,`type_user`,`name_user`) VALUES (DEFAULT,?,?,?,?,?,?); "diego.corredor.98@gmail.com", "$2b$10$BPwMnLvp4L.r9mY83qYHte8YMDl9gUTkcl6oQUL1KkaU.bx.D/QG.", 1052414564, 3229010668, 1, "Diego Corredor"
2023-01-16 19:56:41 info: [0mPOST /users [32m201[0m 249.285 ms - 245[0m
2023-01-16 19:58:48 info: =================================
2023-01-16 19:58:48 info: ======= ENV: development =======
2023-01-16 19:58:48 info: 🚀 App listening on the port 3000
2023-01-16 19:58:48 info: =================================
2023-01-16 19:58:48 info: 2ms Executed (default): SELECT 1+1 AS result
2023-01-16 19:58:48 info: 3ms Executed (default): SELECT TABLE_NAME FROM INFORMATION_SCHEMA.TABLES WHERE TABLE_TYPE = 'BASE TABLE' AND TABLE_NAME = 'users' AND TABLE_SCHEMA = 'sgri_db'
2023-01-16 19:58:48 info: 4ms Executed (default): SHOW INDEX FROM `users`
2023-01-16 19:59:09 info: =================================
2023-01-16 19:59:09 info: ======= ENV: development =======
2023-01-16 19:59:09 info: 🚀 App listening on the port 3000
2023-01-16 19:59:09 info: =================================
2023-01-16 19:59:09 info: 2ms Executed (default): SELECT 1+1 AS result
2023-01-16 19:59:09 info: 4ms Executed (default): SELECT TABLE_NAME FROM INFORMATION_SCHEMA.TABLES WHERE TABLE_TYPE = 'BASE TABLE' AND TABLE_NAME = 'users' AND TABLE_SCHEMA = 'sgri_db'
2023-01-16 19:59:09 info: 9ms Executed (default): SHOW INDEX FROM `users`
2023-01-16 19:59:20 info: =================================
2023-01-16 19:59:20 info: ======= ENV: development =======
2023-01-16 19:59:20 info: 🚀 App listening on the port 3000
2023-01-16 19:59:20 info: =================================
2023-01-16 19:59:20 info: 2ms Executed (default): SELECT 1+1 AS result
2023-01-16 19:59:20 info: 4ms Executed (default): SELECT TABLE_NAME FROM INFORMATION_SCHEMA.TABLES WHERE TABLE_TYPE = 'BASE TABLE' AND TABLE_NAME = 'users' AND TABLE_SCHEMA = 'sgri_db'
2023-01-16 19:59:20 info: 6ms Executed (default): SHOW INDEX FROM `users`
2023-01-16 19:59:55 info: =================================
2023-01-16 19:59:55 info: ======= ENV: development =======
2023-01-16 19:59:55 info: 🚀 App listening on the port 3000
2023-01-16 19:59:55 info: =================================
2023-01-16 19:59:55 info: 3ms Executed (default): SELECT 1+1 AS result
2023-01-16 19:59:55 info: 4ms Executed (default): SELECT TABLE_NAME FROM INFORMATION_SCHEMA.TABLES WHERE TABLE_TYPE = 'BASE TABLE' AND TABLE_NAME = 'users' AND TABLE_SCHEMA = 'sgri_db'
2023-01-16 19:59:55 info: 4ms Executed (default): SHOW INDEX FROM `users`
2023-01-16 20:00:01 info: =================================
2023-01-16 20:00:01 info: ======= ENV: development =======
2023-01-16 20:00:01 info: 🚀 App listening on the port 3000
2023-01-16 20:00:01 info: =================================
2023-01-16 20:00:01 info: 5ms Executed (default): SELECT 1+1 AS result
2023-01-16 20:00:01 info: 7ms Executed (default): SELECT TABLE_NAME FROM INFORMATION_SCHEMA.TABLES WHERE TABLE_TYPE = 'BASE TABLE' AND TABLE_NAME = 'users' AND TABLE_SCHEMA = 'sgri_db'
2023-01-16 20:00:01 info: 4ms Executed (default): SHOW INDEX FROM `users`
2023-01-16 20:00:12 info: =================================
2023-01-16 20:00:12 info: ======= ENV: development =======
2023-01-16 20:00:12 info: 🚀 App listening on the port 3000
2023-01-16 20:00:12 info: =================================
2023-01-16 20:00:22 info: =================================
2023-01-16 20:00:22 info: ======= ENV: development =======
2023-01-16 20:00:22 info: 🚀 App listening on the port 3000
2023-01-16 20:00:22 info: =================================
2023-01-16 20:00:22 info: 2ms Executed (default): SELECT 1+1 AS result
2023-01-16 20:00:22 info: 3ms Executed (default): SELECT TABLE_NAME FROM INFORMATION_SCHEMA.TABLES WHERE TABLE_TYPE = 'BASE TABLE' AND TABLE_NAME = 'users' AND TABLE_SCHEMA = 'sgri_db'
2023-01-16 20:00:22 info: 8ms Executed (default): SHOW INDEX FROM `users`
2023-01-16 20:00:28 info: =================================
2023-01-16 20:00:28 info: ======= ENV: development =======
2023-01-16 20:00:28 info: 🚀 App listening on the port 3000
2023-01-16 20:00:28 info: =================================
2023-01-16 20:00:28 info: 8ms Executed (default): SELECT 1+1 AS result
2023-01-16 20:00:28 info: 12ms Executed (default): SELECT TABLE_NAME FROM INFORMATION_SCHEMA.TABLES WHERE TABLE_TYPE = 'BASE TABLE' AND TABLE_NAME = 'users' AND TABLE_SCHEMA = 'sgri_db'
2023-01-16 20:00:28 info: 10ms Executed (default): SHOW INDEX FROM `users`
2023-01-16 20:00:31 info: =================================
2023-01-16 20:00:31 info: ======= ENV: development =======
2023-01-16 20:00:31 info: 🚀 App listening on the port 3000
2023-01-16 20:00:31 info: =================================
2023-01-16 20:00:31 info: 5ms Executed (default): SELECT 1+1 AS result
2023-01-16 20:00:31 info: 8ms Executed (default): SELECT TABLE_NAME FROM INFORMATION_SCHEMA.TABLES WHERE TABLE_TYPE = 'BASE TABLE' AND TABLE_NAME = 'users' AND TABLE_SCHEMA = 'sgri_db'
2023-01-16 20:00:31 info: 6ms Executed (default): SHOW INDEX FROM `users`
2023-01-16 20:00:45 info: =================================
2023-01-16 20:00:45 info: ======= ENV: development =======
2023-01-16 20:00:45 info: 🚀 App listening on the port 3000
2023-01-16 20:00:45 info: =================================
2023-01-16 20:00:46 info: 4ms Executed (default): SELECT 1+1 AS result
2023-01-16 20:00:46 info: 6ms Executed (default): SELECT TABLE_NAME FROM INFORMATION_SCHEMA.TABLES WHERE TABLE_TYPE = 'BASE TABLE' AND TABLE_NAME = 'users' AND TABLE_SCHEMA = 'sgri_db'
2023-01-16 20:00:46 info: 11ms Executed (default): SHOW INDEX FROM `users`
2023-01-16 20:00:49 info: =================================
2023-01-16 20:00:49 info: ======= ENV: development =======
2023-01-16 20:00:49 info: 🚀 App listening on the port 3000
2023-01-16 20:00:49 info: =================================
2023-01-16 20:00:49 info: 2ms Executed (default): SELECT 1+1 AS result
2023-01-16 20:00:49 info: 3ms Executed (default): SELECT TABLE_NAME FROM INFORMATION_SCHEMA.TABLES WHERE TABLE_TYPE = 'BASE TABLE' AND TABLE_NAME = 'users' AND TABLE_SCHEMA = 'sgri_db'
2023-01-16 20:00:49 info: 7ms Executed (default): SHOW INDEX FROM `users`
2023-01-16 20:02:26 info: =================================
2023-01-16 20:02:26 info: ======= ENV: development =======
2023-01-16 20:02:26 info: 🚀 App listening on the port 3000
2023-01-16 20:02:26 info: =================================
2023-01-16 20:02:26 info: 4ms Executed (default): SELECT 1+1 AS result
2023-01-16 20:02:26 info: 9ms Executed (default): SELECT TABLE_NAME FROM INFORMATION_SCHEMA.TABLES WHERE TABLE_TYPE = 'BASE TABLE' AND TABLE_NAME = 'users' AND TABLE_SCHEMA = 'sgri_db'
2023-01-16 20:02:26 info: 10ms Executed (default): SHOW INDEX FROM `users`
2023-01-16 20:02:34 info: =================================
2023-01-16 20:02:34 info: ======= ENV: development =======
2023-01-16 20:02:34 info: 🚀 App listening on the port 3000
2023-01-16 20:02:34 info: =================================
2023-01-16 20:02:34 info: 2ms Executed (default): SELECT 1+1 AS result
2023-01-16 20:02:34 info: 5ms Executed (default): SELECT TABLE_NAME FROM INFORMATION_SCHEMA.TABLES WHERE TABLE_TYPE = 'BASE TABLE' AND TABLE_NAME = 'users' AND TABLE_SCHEMA = 'sgri_db'
2023-01-16 20:02:34 info: 4ms Executed (default): SHOW INDEX FROM `users`
2023-01-16 20:02:44 info: =================================
2023-01-16 20:02:44 info: ======= ENV: development =======
2023-01-16 20:02:44 info: 🚀 App listening on the port 3000
2023-01-16 20:02:44 info: =================================
2023-01-16 20:02:44 info: 3ms Executed (default): SELECT 1+1 AS result
2023-01-16 20:02:44 info: 6ms Executed (default): SELECT TABLE_NAME FROM INFORMATION_SCHEMA.TABLES WHERE TABLE_TYPE = 'BASE TABLE' AND TABLE_NAME = 'users' AND TABLE_SCHEMA = 'sgri_db'
2023-01-16 20:02:44 info: 7ms Executed (default): SHOW INDEX FROM `users`
2023-01-16 20:02:48 info: =================================
2023-01-16 20:02:48 info: ======= ENV: development =======
2023-01-16 20:02:48 info: 🚀 App listening on the port 3000
2023-01-16 20:02:48 info: =================================
2023-01-16 20:02:48 info: 2ms Executed (default): SELECT 1+1 AS result
2023-01-16 20:02:48 info: 4ms Executed (default): SELECT TABLE_NAME FROM INFORMATION_SCHEMA.TABLES WHERE TABLE_TYPE = 'BASE TABLE' AND TABLE_NAME = 'users' AND TABLE_SCHEMA = 'sgri_db'
2023-01-16 20:02:48 info: 5ms Executed (default): SHOW INDEX FROM `users`
2023-01-16 20:02:59 info: =================================
2023-01-16 20:03:00 info: ======= ENV: development =======
2023-01-16 20:03:00 info: 🚀 App listening on the port 3000
2023-01-16 20:03:00 info: =================================
2023-01-16 20:03:00 info: 3ms Executed (default): SELECT 1+1 AS result
2023-01-16 20:03:00 info: 5ms Executed (default): SELECT TABLE_NAME FROM INFORMATION_SCHEMA.TABLES WHERE TABLE_TYPE = 'BASE TABLE' AND TABLE_NAME = 'users' AND TABLE_SCHEMA = 'sgri_db'
2023-01-16 20:03:00 info: 5ms Executed (default): SHOW INDEX FROM `users`
2023-01-16 20:03:09 info: =================================
2023-01-16 20:03:09 info: ======= ENV: development =======
2023-01-16 20:03:09 info: 🚀 App listening on the port 3000
2023-01-16 20:03:09 info: =================================
2023-01-16 20:03:09 info: 4ms Executed (default): SELECT 1+1 AS result
2023-01-16 20:03:09 info: 6ms Executed (default): SELECT TABLE_NAME FROM INFORMATION_SCHEMA.TABLES WHERE TABLE_TYPE = 'BASE TABLE' AND TABLE_NAME = 'users' AND TABLE_SCHEMA = 'sgri_db'
2023-01-16 20:03:09 info: 8ms Executed (default): SHOW INDEX FROM `users`
2023-01-16 20:03:25 info: =================================
2023-01-16 20:03:25 info: ======= ENV: development =======
2023-01-16 20:03:25 info: 🚀 App listening on the port 3000
2023-01-16 20:03:25 info: =================================
2023-01-16 20:03:25 info: 2ms Executed (default): SELECT 1+1 AS result
2023-01-16 20:03:25 info: 4ms Executed (default): SELECT TABLE_NAME FROM INFORMATION_SCHEMA.TABLES WHERE TABLE_TYPE = 'BASE TABLE' AND TABLE_NAME = 'users' AND TABLE_SCHEMA = 'sgri_db'
2023-01-16 20:03:25 info: 3ms Executed (default): SHOW INDEX FROM `users`
2023-01-16 20:03:35 info: 2ms Executed (default): SELECT 1+1 AS result
2023-01-16 20:03:43 info: 1ms Executed (default): SELECT 1+1 AS result
2023-01-16 20:03:48 info: 2ms Executed (default): SELECT 1+1 AS result
2023-01-16 20:03:52 info: =================================
2023-01-16 20:03:52 info: ======= ENV: development =======
2023-01-16 20:03:52 info: 🚀 App listening on the port 3000
2023-01-16 20:03:52 info: =================================
2023-01-16 20:03:52 info: 5ms Executed (default): SELECT 1+1 AS result
2023-01-16 20:03:52 info: 6ms Executed (default): SELECT TABLE_NAME FROM INFORMATION_SCHEMA.TABLES WHERE TABLE_TYPE = 'BASE TABLE' AND TABLE_NAME = 'users' AND TABLE_SCHEMA = 'sgri_db'
2023-01-16 20:03:52 info: 4ms Executed (default): SHOW INDEX FROM `users`
2023-01-16 20:04:39 info: [0mGET /login [33m404[0m 30.377 ms - 144[0m
2023-01-16 20:04:48 info: 5ms Executed (default): SELECT `iduser`, `mail_user` AS `mailUser`, `password_user` AS `passwordUser`, `dni_user` AS `dniUser`, `phone_user` AS `phoneUser`, `type_user` AS `typeUser`, `name_user` AS `nameUser` FROM `users` AS `UserModel` WHERE `UserModel`.`mail_user` = 'diego.corredor.98@gmail.com' LIMIT 1;
2023-01-16 20:04:48 info: [0mPOST /login [32m200[0m 147.380 ms - 247[0m
2023-01-16 20:11:07 info: [0mGET /main.6dd804355ea1b9a7c76c.hot-update.json [33m404[0m 3.626 ms - 180[0m
2023-01-16 20:11:07 info: [0mGET /login [33m404[0m 2.326 ms - 144[0m
2023-01-16 20:15:45 info: [0mGET / [32m200[0m 7.428 ms - 2[0m
2023-01-16 20:15:45 info: [0mGET /favicon.ico [33m404[0m 1.011 ms - 150[0m
2023-01-16 20:18:43 info: =================================
2023-01-16 20:18:43 info: ======= ENV: development =======
2023-01-16 20:18:43 info: 🚀 App listening on the port 4000
2023-01-16 20:18:43 info: =================================
2023-01-16 20:18:43 info: 2ms Executed (default): SELECT 1+1 AS result
2023-01-16 20:18:43 info: 6ms Executed (default): SELECT TABLE_NAME FROM INFORMATION_SCHEMA.TABLES WHERE TABLE_TYPE = 'BASE TABLE' AND TABLE_NAME = 'users' AND TABLE_SCHEMA = 'sgri_db'
2023-01-16 20:18:43 info: 8ms Executed (default): SHOW INDEX FROM `users`
2023-01-16 20:27:57 info: =================================
2023-01-16 20:27:57 info: ======= ENV: development =======
2023-01-16 20:27:57 info: 🚀 App listening on the port 4000
2023-01-16 20:27:57 info: =================================
2023-01-16 20:27:57 info: 4ms Executed (default): SELECT 1+1 AS result
2023-01-16 20:27:57 info: 6ms Executed (default): SELECT TABLE_NAME FROM INFORMATION_SCHEMA.TABLES WHERE TABLE_TYPE = 'BASE TABLE' AND TABLE_NAME = 'users' AND TABLE_SCHEMA = 'sgri_db'
2023-01-16 20:27:57 info: 7ms Executed (default): SHOW INDEX FROM `users`
2023-01-16 20:28:09 info: =================================
2023-01-16 20:28:09 info: ======= ENV: development =======
2023-01-16 20:28:09 info: 🚀 App listening on the port 4000
2023-01-16 20:28:09 info: =================================
2023-01-16 20:28:09 info: 4ms Executed (default): SELECT 1+1 AS result
2023-01-16 20:28:09 info: 6ms Executed (default): SELECT TABLE_NAME FROM INFORMATION_SCHEMA.TABLES WHERE TABLE_TYPE = 'BASE TABLE' AND TABLE_NAME = 'users' AND TABLE_SCHEMA = 'sgri_db'
2023-01-16 20:28:09 info: 5ms Executed (default): SHOW INDEX FROM `users`
2023-01-16 20:30:40 info: =================================
2023-01-16 20:30:40 info: ======= ENV: development =======
2023-01-16 20:30:40 info: 🚀 App listening on the port 4000
2023-01-16 20:30:40 info: =================================
2023-01-16 20:30:40 info: 4ms Executed (default): SELECT 1+1 AS result
2023-01-16 20:30:40 info: 5ms Executed (default): SELECT TABLE_NAME FROM INFORMATION_SCHEMA.TABLES WHERE TABLE_TYPE = 'BASE TABLE' AND TABLE_NAME = 'users' AND TABLE_SCHEMA = 'sgri_db'
2023-01-16 20:30:40 info: 7ms Executed (default): SHOW INDEX FROM `users`
2023-01-16 20:30:51 info: [0mOPTIONS /login [32m204[0m 5.622 ms - 0[0m
2023-01-16 20:31:33 info: =================================
2023-01-16 20:31:33 info: ======= ENV: development =======
2023-01-16 20:31:33 info: 🚀 App listening on the port 4000
2023-01-16 20:31:33 info: =================================
2023-01-16 20:31:33 info: 5ms Executed (default): SELECT 1+1 AS result
2023-01-16 20:31:33 info: 10ms Executed (default): SELECT TABLE_NAME FROM INFORMATION_SCHEMA.TABLES WHERE TABLE_TYPE = 'BASE TABLE' AND TABLE_NAME = 'users' AND TABLE_SCHEMA = 'sgri_db'
2023-01-16 20:31:33 info: 7ms Executed (default): SHOW INDEX FROM `users`
2023-01-16 20:31:40 info: [0mOPTIONS /login [32m204[0m 4.820 ms - 0[0m
2023-01-16 20:31:41 info: 2ms Executed (default): SELECT `iduser`, `mail_user` AS `mailUser`, `password_user` AS `passwordUser`, `dni_user` AS `dniUser`, `phone_user` AS `phoneUser`, `type_user` AS `typeUser`, `name_user` AS `nameUser` FROM `users` AS `UserModel` WHERE `UserModel`.`mail_user` = 'diego.corredor.98@gmail.com' LIMIT 1;
2023-01-16 20:31:41 info: [0mPOST /login [32m200[0m 255.867 ms - 247[0m
2023-01-16 20:33:58 info: =================================
2023-01-16 20:33:58 info: ======= ENV: development =======
2023-01-16 20:33:58 info: 🚀 App listening on the port 4000
2023-01-16 20:33:58 info: =================================
2023-01-16 20:33:58 info: 3ms Executed (default): SELECT 1+1 AS result
2023-01-16 20:33:58 info: 51ms Executed (default): SELECT TABLE_NAME FROM INFORMATION_SCHEMA.TABLES WHERE TABLE_TYPE = 'BASE TABLE' AND TABLE_NAME = 'users' AND TABLE_SCHEMA = 'sgri_db'
2023-01-16 20:33:58 info: 8ms Executed (default): SHOW INDEX FROM `users`
2023-01-16 20:34:02 info: =================================
2023-01-16 20:34:02 info: ======= ENV: development =======
2023-01-16 20:34:02 info: 🚀 App listening on the port 4000
2023-01-16 20:34:02 info: =================================
2023-01-16 20:34:02 info: 6ms Executed (default): SELECT 1+1 AS result
2023-01-16 20:34:02 info: 5ms Executed (default): SELECT TABLE_NAME FROM INFORMATION_SCHEMA.TABLES WHERE TABLE_TYPE = 'BASE TABLE' AND TABLE_NAME = 'users' AND TABLE_SCHEMA = 'sgri_db'
2023-01-16 20:34:02 info: 5ms Executed (default): SHOW INDEX FROM `users`
2023-01-16 20:34:13 info: =================================
2023-01-16 20:34:13 info: ======= ENV: development =======
2023-01-16 20:34:13 info: 🚀 App listening on the port 4000
2023-01-16 20:34:13 info: =================================
2023-01-16 20:34:13 info: 3ms Executed (default): SELECT 1+1 AS result
2023-01-16 20:34:13 info: 5ms Executed (default): SELECT TABLE_NAME FROM INFORMATION_SCHEMA.TABLES WHERE TABLE_TYPE = 'BASE TABLE' AND TABLE_NAME = 'users' AND TABLE_SCHEMA = 'sgri_db'
2023-01-16 20:34:13 info: 5ms Executed (default): SHOW INDEX FROM `users`
2023-01-16 20:34:22 info: [0mOPTIONS /login [32m204[0m 6.121 ms - 0[0m
2023-01-16 20:34:23 info: 9ms Executed (default): SELECT `iduser`, `mail_user` AS `mailUser`, `password_user` AS `passwordUser`, `dni_user` AS `dniUser`, `phone_user` AS `phoneUser`, `type_user` AS `typeUser`, `name_user` AS `nameUser` FROM `users` AS `UserModel` WHERE `UserModel`.`mail_user` = 'diego.corredor.98@gmail.com' LIMIT 1;
2023-01-16 20:34:23 info: [0mPOST /login [32m200[0m 165.623 ms - 220[0m
2023-01-16 20:34:50 info: [0mOPTIONS /login [32m204[0m 0.357 ms - 0[0m
2023-01-16 20:34:50 info: 2ms Executed (default): SELECT `iduser`, `mail_user` AS `mailUser`, `password_user` AS `passwordUser`, `dni_user` AS `dniUser`, `phone_user` AS `phoneUser`, `type_user` AS `typeUser`, `name_user` AS `nameUser` FROM `users` AS `UserModel` WHERE `UserModel`.`mail_user` = 'diego.corredor.98@gmail.com' LIMIT 1;
2023-01-16 20:34:50 info: [0mPOST /login [32m200[0m 137.429 ms - 220[0m
2023-01-16 20:34:58 info: [0mOPTIONS /login [32m204[0m 0.310 ms - 0[0m
2023-01-16 20:34:58 info: 1ms Executed (default): SELECT `iduser`, `mail_user` AS `mailUser`, `password_user` AS `passwordUser`, `dni_user` AS `dniUser`, `phone_user` AS `phoneUser`, `type_user` AS `typeUser`, `name_user` AS `nameUser` FROM `users` AS `UserModel` WHERE `UserModel`.`mail_user` = 'diego.corredor.98@gmail.com' LIMIT 1;
2023-01-16 20:34:58 info: [0mPOST /login [32m200[0m 109.568 ms - 220[0m
2023-01-16 20:36:37 info: 2ms Executed (default): SELECT 1+1 AS result
2023-01-16 20:36:56 info: =================================
2023-01-16 20:36:56 info: ======= ENV: development =======
2023-01-16 20:36:56 info: 🚀 App listening on the port 4000
2023-01-16 20:36:56 info: =================================
2023-01-16 20:36:56 info: 1ms Executed (default): SELECT 1+1 AS result
2023-01-16 20:36:56 info: 4ms Executed (default): SELECT TABLE_NAME FROM INFORMATION_SCHEMA.TABLES WHERE TABLE_TYPE = 'BASE TABLE' AND TABLE_NAME = 'users' AND TABLE_SCHEMA = 'sgri_db'
2023-01-16 20:36:56 info: 6ms Executed (default): SHOW INDEX FROM `users`
2023-01-16 20:37:43 info: 1ms Executed (default): SELECT 1+1 AS result
2023-01-16 20:37:51 info: =================================
2023-01-16 20:37:51 info: ======= ENV: development =======
2023-01-16 20:37:51 info: 🚀 App listening on the port 4000
2023-01-16 20:37:51 info: =================================
2023-01-16 20:37:51 info: 3ms Executed (default): SELECT 1+1 AS result
2023-01-16 20:37:51 info: 6ms Executed (default): SELECT TABLE_NAME FROM INFORMATION_SCHEMA.TABLES WHERE TABLE_TYPE = 'BASE TABLE' AND TABLE_NAME = 'users' AND TABLE_SCHEMA = 'sgri_db'
2023-01-16 20:37:51 info: 4ms Executed (default): SHOW INDEX FROM `users`
2023-01-16 20:38:06 info: 3ms Executed (default): SELECT 1+1 AS result
2023-01-16 20:38:12 info: =================================
2023-01-16 20:38:12 info: ======= ENV: development =======
2023-01-16 20:38:12 info: 🚀 App listening on the port 4000
2023-01-16 20:38:12 info: =================================
2023-01-16 20:38:12 info: 2ms Executed (default): SELECT 1+1 AS result
2023-01-16 20:38:12 info: 4ms Executed (default): SELECT TABLE_NAME FROM INFORMATION_SCHEMA.TABLES WHERE TABLE_TYPE = 'BASE TABLE' AND TABLE_NAME = 'users' AND TABLE_SCHEMA = 'sgri_db'
2023-01-16 20:38:12 info: 4ms Executed (default): SHOW INDEX FROM `users`
2023-01-16 20:38:20 info: =================================
2023-01-16 20:38:20 info: ======= ENV: development =======
2023-01-16 20:38:20 info: 🚀 App listening on the port 4000
2023-01-16 20:38:20 info: =================================
2023-01-16 20:38:20 info: 2ms Executed (default): SELECT 1+1 AS result
2023-01-16 20:38:20 info: 4ms Executed (default): SELECT TABLE_NAME FROM INFORMATION_SCHEMA.TABLES WHERE TABLE_TYPE = 'BASE TABLE' AND TABLE_NAME = 'users' AND TABLE_SCHEMA = 'sgri_db'
2023-01-16 20:38:20 info: 4ms Executed (default): SHOW INDEX FROM `users`
2023-01-16 20:38:43 info: =================================
2023-01-16 20:38:43 info: ======= ENV: development =======
2023-01-16 20:38:43 info: 🚀 App listening on the port 4000
2023-01-16 20:38:43 info: =================================
2023-01-16 20:38:44 info: 2ms Executed (default): SELECT 1+1 AS result
2023-01-16 20:38:44 info: 4ms Executed (default): SELECT TABLE_NAME FROM INFORMATION_SCHEMA.TABLES WHERE TABLE_TYPE = 'BASE TABLE' AND TABLE_NAME = 'users' AND TABLE_SCHEMA = 'sgri_db'
2023-01-16 20:38:44 info: 4ms Executed (default): SHOW INDEX FROM `users`
2023-01-16 20:39:11 info: =================================
2023-01-16 20:39:11 info: ======= ENV: development =======
2023-01-16 20:39:11 info: 🚀 App listening on the port 4000
2023-01-16 20:39:11 info: =================================
2023-01-16 20:39:11 info: 2ms Executed (default): SELECT 1+1 AS result
2023-01-16 20:39:11 info: 3ms Executed (default): SELECT TABLE_NAME FROM INFORMATION_SCHEMA.TABLES WHERE TABLE_TYPE = 'BASE TABLE' AND TABLE_NAME = 'users' AND TABLE_SCHEMA = 'sgri_db'
2023-01-16 20:39:11 info: 5ms Executed (default): SHOW INDEX FROM `users`
2023-01-16 20:39:22 info: [0mOPTIONS /login [32m204[0m 9.302 ms - 0[0m
2023-01-16 20:39:22 info: 4ms Executed (default): SELECT `iduser`, `mail_user` AS `mailUser`, `dni_user` AS `dniUser`, `phone_user` AS `phoneUser`, `type_user` AS `typeUser`, `name_user` AS `nameUser` FROM `users` AS `UserModel` WHERE `UserModel`.`mail_user` = 'diego.corredor.98@gmail.com' LIMIT 1;
2023-01-16 20:39:22 error: [POST] /login >> StatusCode:: 500, Message:: data and hash arguments required
2023-01-16 20:39:22 info: [0mPOST /login [31m500[0m 63.286 ms - 46[0m
2023-01-16 20:40:28 info: =================================
2023-01-16 20:40:28 info: ======= ENV: development =======
2023-01-16 20:40:28 info: 🚀 App listening on the port 4000
2023-01-16 20:40:28 info: =================================
2023-01-16 20:40:28 info: 2ms Executed (default): SELECT 1+1 AS result
2023-01-16 20:40:28 info: 4ms Executed (default): SELECT TABLE_NAME FROM INFORMATION_SCHEMA.TABLES WHERE TABLE_TYPE = 'BASE TABLE' AND TABLE_NAME = 'users' AND TABLE_SCHEMA = 'sgri_db'
2023-01-16 20:40:28 info: 4ms Executed (default): SHOW INDEX FROM `users`
2023-01-16 20:40:54 info: =================================
2023-01-16 20:40:54 info: ======= ENV: development =======
2023-01-16 20:40:54 info: 🚀 App listening on the port 4000
2023-01-16 20:40:54 info: =================================
2023-01-16 20:40:54 info: 2ms Executed (default): SELECT 1+1 AS result
2023-01-16 20:40:54 info: 5ms Executed (default): SELECT TABLE_NAME FROM INFORMATION_SCHEMA.TABLES WHERE TABLE_TYPE = 'BASE TABLE' AND TABLE_NAME = 'users' AND TABLE_SCHEMA = 'sgri_db'
2023-01-16 20:40:54 info: 4ms Executed (default): SHOW INDEX FROM `users`
2023-01-16 20:41:01 info: =================================
2023-01-16 20:41:01 info: ======= ENV: development =======
2023-01-16 20:41:01 info: 🚀 App listening on the port 4000
2023-01-16 20:41:01 info: =================================
2023-01-16 20:41:01 info: 3ms Executed (default): SELECT 1+1 AS result
2023-01-16 20:41:01 info: 5ms Executed (default): SELECT TABLE_NAME FROM INFORMATION_SCHEMA.TABLES WHERE TABLE_TYPE = 'BASE TABLE' AND TABLE_NAME = 'users' AND TABLE_SCHEMA = 'sgri_db'
2023-01-16 20:41:01 info: 6ms Executed (default): SHOW INDEX FROM `users`
2023-01-16 20:45:27 info: [0mOPTIONS /login [32m204[0m 1.656 ms - 0[0m
2023-01-16 20:45:27 info: 2ms Executed (default): SELECT `iduser`, `mail_user` AS `mailUser`, `password_user` AS `passwordUser`, `dni_user` AS `dniUser`, `phone_user` AS `phoneUser`, `type_user` AS `typeUser`, `name_user` AS `nameUser` FROM `users` AS `UserModel` WHERE `UserModel`.`mail_user` = 'diego.corredor.98@gmail.com' LIMIT 1;
2023-01-16 20:45:27 info: [0mPOST /login [32m200[0m 164.159 ms - 160[0m
2023-01-16 20:50:26 info: [0mOPTIONS /login [32m204[0m 0.224 ms - 0[0m
2023-01-16 20:50:26 info: 2ms Executed (default): SELECT `iduser`, `mail_user` AS `mailUser`, `password_user` AS `passwordUser`, `dni_user` AS `dniUser`, `phone_user` AS `phoneUser`, `type_user` AS `typeUser`, `name_user` AS `nameUser` FROM `users` AS `UserModel` WHERE `UserModel`.`mail_user` = 'diego.corredor.98@gmail.com' LIMIT 1;
2023-01-16 20:50:26 info: [0mPOST /login [32m200[0m 108.389 ms - 160[0m
2023-01-16 20:52:38 info: [0mOPTIONS /login [32m204[0m 0.491 ms - 0[0m
2023-01-16 20:52:38 info: 1ms Executed (default): SELECT `iduser`, `mail_user` AS `mailUser`, `password_user` AS `passwordUser`, `dni_user` AS `dniUser`, `phone_user` AS `phoneUser`, `type_user` AS `typeUser`, `name_user` AS `nameUser` FROM `users` AS `UserModel` WHERE `UserModel`.`mail_user` = 'diego.corredor.98@gmail.com' LIMIT 1;
2023-01-16 20:52:38 info: [0mPOST /login [32m200[0m 108.711 ms - 160[0m
2023-01-16 20:55:50 info: =================================
2023-01-16 20:55:50 info: ======= ENV: development =======
2023-01-16 20:55:50 info: 🚀 App listening on the port 4000
2023-01-16 20:55:50 info: =================================
2023-01-16 20:55:50 info: 3ms Executed (default): SELECT 1+1 AS result
2023-01-16 20:55:50 info: 4ms Executed (default): SELECT TABLE_NAME FROM INFORMATION_SCHEMA.TABLES WHERE TABLE_TYPE = 'BASE TABLE' AND TABLE_NAME = 'users' AND TABLE_SCHEMA = 'sgri_db'
2023-01-16 20:55:50 info: 6ms Executed (default): SHOW INDEX FROM `users`
